[2020-03-29T00:32:59.059Z] [org.springframework.boot.StartupInfoLogger] [restartedMain] [55] [INFO ] Starting SpringBootExampleApplication on Sanji-rana.local with PID 83816 (/Users/Sanji/eclipse-workspace/SpringBootProject/SpringBootExample/target/classes started by Sanji in /Users/Sanji/eclipse-workspace/SpringBootProject/SpringBootExample)
[2020-03-29T00:32:59.059Z] [org.springframework.boot.SpringApplication] [restartedMain] [651] [INFO ] No active profile set, falling back to default profiles: default
[2020-03-29T00:33:00.000Z] [org.springframework.boot.logging.DeferredLog] [restartedMain] [225] [INFO ] Devtools property defaults active! Set 'spring.devtools.add-properties' to 'false' to disable
[2020-03-29T00:33:00.000Z] [org.springframework.boot.logging.DeferredLog] [restartedMain] [225] [INFO ] For additional web related logging consider setting the 'logging.level.web' property to 'DEBUG'
[2020-03-29T00:33:01.001Z] [org.springframework.boot.web.embedded.tomcat.TomcatWebServer] [restartedMain] [92] [INFO ] Tomcat initialized with port(s): 8081 (http)
[2020-03-29T00:33:01.001Z] [org.apache.juli.logging.DirectJDKLog] [restartedMain] [173] [INFO ] Starting service [Tomcat]
[2020-03-29T00:33:01.001Z] [org.apache.juli.logging.DirectJDKLog] [restartedMain] [173] [INFO ] Starting Servlet engine: [Apache Tomcat/9.0.33]
[2020-03-29T00:33:01.001Z] [org.apache.juli.logging.DirectJDKLog] [restartedMain] [173] [INFO ] Initializing Spring embedded WebApplicationContext
[2020-03-29T00:33:01.001Z] [org.springframework.boot.web.servlet.context.ServletWebServerApplicationContext] [restartedMain] [284] [INFO ] Root WebApplicationContext: initialization completed in 1929 ms
[2020-03-29T00:33:02.002Z] [org.springframework.context.support.AbstractApplicationContext] [restartedMain] [558] [WARN ] Exception encountered during context initialization - cancelling refresh attempt: org.springframework.beans.factory.BeanCreationException: Error creating bean with name 'studentController': Injection of autowired dependencies failed; nested exception is java.lang.IllegalArgumentException: Could not resolve placeholder 'student.application.namw' in value "${student.application.namw}"
[2020-03-29T00:33:02.002Z] [org.apache.juli.logging.DirectJDKLog] [restartedMain] [173] [INFO ] Stopping service [Tomcat]
[2020-03-29T00:33:02.002Z] [org.springframework.boot.autoconfigure.logging.ConditionEvaluationReportLoggingListener] [restartedMain] [136] [INFO ] 

Error starting ApplicationContext. To display the conditions report re-run your application with 'debug' enabled.
[2020-03-29T00:33:02.002Z] [org.springframework.boot.SpringApplication] [restartedMain] [826] [ERROR] Application run failed
org.springframework.beans.factory.BeanCreationException: Error creating bean with name 'studentController': Injection of autowired dependencies failed; nested exception is java.lang.IllegalArgumentException: Could not resolve placeholder 'student.application.namw' in value "${student.application.namw}"
	at org.springframework.beans.factory.annotation.AutowiredAnnotationBeanPostProcessor.postProcessProperties(AutowiredAnnotationBeanPostProcessor.java:405)
	at org.springframework.beans.factory.support.AbstractAutowireCapableBeanFactory.populateBean(AbstractAutowireCapableBeanFactory.java:1422)
	at org.springframework.beans.factory.support.AbstractAutowireCapableBeanFactory.doCreateBean(AbstractAutowireCapableBeanFactory.java:594)
	at org.springframework.beans.factory.support.AbstractAutowireCapableBeanFactory.createBean(AbstractAutowireCapableBeanFactory.java:517)
	at org.springframework.beans.factory.support.AbstractBeanFactory.lambda$doGetBean$0(AbstractBeanFactory.java:323)
	at org.springframework.beans.factory.support.DefaultSingletonBeanRegistry.getSingleton(DefaultSingletonBeanRegistry.java:222)
	at org.springframework.beans.factory.support.AbstractBeanFactory.doGetBean(AbstractBeanFactory.java:321)
	at org.springframework.beans.factory.support.AbstractBeanFactory.getBean(AbstractBeanFactory.java:202)
	at org.springframework.beans.factory.support.DefaultListableBeanFactory.preInstantiateSingletons(DefaultListableBeanFactory.java:882)
	at org.springframework.context.support.AbstractApplicationContext.finishBeanFactoryInitialization(AbstractApplicationContext.java:878)
	at org.springframework.context.support.AbstractApplicationContext.refresh(AbstractApplicationContext.java:550)
	at org.springframework.boot.web.servlet.context.ServletWebServerApplicationContext.refresh(ServletWebServerApplicationContext.java:141)
	at org.springframework.boot.SpringApplication.refresh(SpringApplication.java:747)
	at org.springframework.boot.SpringApplication.refreshContext(SpringApplication.java:397)
	at org.springframework.boot.SpringApplication.run(SpringApplication.java:315)
	at org.springframework.boot.SpringApplication.run(SpringApplication.java:1226)
	at org.springframework.boot.SpringApplication.run(SpringApplication.java:1215)
	at com.tupple.institute.SpringBootExampleApplication.main(SpringBootExampleApplication.java:10)
	at sun.reflect.NativeMethodAccessorImpl.invoke0(Native Method)
	at sun.reflect.NativeMethodAccessorImpl.invoke(NativeMethodAccessorImpl.java:62)
	at sun.reflect.DelegatingMethodAccessorImpl.invoke(DelegatingMethodAccessorImpl.java:43)
	at java.lang.reflect.Method.invoke(Method.java:498)
	at org.springframework.boot.devtools.restart.RestartLauncher.run(RestartLauncher.java:49)
Caused by: java.lang.IllegalArgumentException: Could not resolve placeholder 'student.application.namw' in value "${student.application.namw}"
	at org.springframework.util.PropertyPlaceholderHelper.parseStringValue(PropertyPlaceholderHelper.java:178)
	at org.springframework.util.PropertyPlaceholderHelper.replacePlaceholders(PropertyPlaceholderHelper.java:124)
	at org.springframework.core.env.AbstractPropertyResolver.doResolvePlaceholders(AbstractPropertyResolver.java:236)
	at org.springframework.core.env.AbstractPropertyResolver.resolveRequiredPlaceholders(AbstractPropertyResolver.java:210)
	at org.springframework.context.support.PropertySourcesPlaceholderConfigurer.lambda$processProperties$0(PropertySourcesPlaceholderConfigurer.java:175)
	at org.springframework.beans.factory.support.AbstractBeanFactory.resolveEmbeddedValue(AbstractBeanFactory.java:909)
	at org.springframework.beans.factory.support.DefaultListableBeanFactory.doResolveDependency(DefaultListableBeanFactory.java:1231)
	at org.springframework.beans.factory.support.DefaultListableBeanFactory.resolveDependency(DefaultListableBeanFactory.java:1210)
	at org.springframework.beans.factory.annotation.AutowiredAnnotationBeanPostProcessor$AutowiredFieldElement.inject(AutowiredAnnotationBeanPostProcessor.java:640)
	at org.springframework.beans.factory.annotation.InjectionMetadata.inject(InjectionMetadata.java:130)
	at org.springframework.beans.factory.annotation.AutowiredAnnotationBeanPostProcessor.postProcessProperties(AutowiredAnnotationBeanPostProcessor.java:399)
	... 22 common frames omitted
[2020-03-29T10:51:17.017Z] [org.springframework.boot.StartupInfoLogger] [restartedMain] [55] [INFO ] Starting SpringBootExampleApplication on Sanji-rana.local with PID 86107 (/Users/Sanji/eclipse-workspace/SpringBootProject/SpringBootExample/target/classes started by Sanji in /Users/Sanji/eclipse-workspace/SpringBootProject/SpringBootExample)
[2020-03-29T10:51:17.017Z] [org.springframework.boot.SpringApplication] [restartedMain] [651] [INFO ] No active profile set, falling back to default profiles: default
[2020-03-29T10:51:18.018Z] [org.springframework.boot.logging.DeferredLog] [restartedMain] [225] [INFO ] Devtools property defaults active! Set 'spring.devtools.add-properties' to 'false' to disable
[2020-03-29T10:51:18.018Z] [org.springframework.boot.logging.DeferredLog] [restartedMain] [225] [INFO ] For additional web related logging consider setting the 'logging.level.web' property to 'DEBUG'
[2020-03-29T10:51:19.019Z] [org.springframework.boot.web.embedded.tomcat.TomcatWebServer] [restartedMain] [92] [INFO ] Tomcat initialized with port(s): 8081 (http)
[2020-03-29T10:51:19.019Z] [org.apache.juli.logging.DirectJDKLog] [restartedMain] [173] [INFO ] Starting service [Tomcat]
[2020-03-29T10:51:19.019Z] [org.apache.juli.logging.DirectJDKLog] [restartedMain] [173] [INFO ] Starting Servlet engine: [Apache Tomcat/9.0.33]
[2020-03-29T10:51:20.020Z] [org.apache.juli.logging.DirectJDKLog] [restartedMain] [173] [INFO ] Initializing Spring embedded WebApplicationContext
[2020-03-29T10:51:20.020Z] [org.springframework.boot.web.servlet.context.ServletWebServerApplicationContext] [restartedMain] [284] [INFO ] Root WebApplicationContext: initialization completed in 2134 ms
[2020-03-29T10:51:20.020Z] [org.springframework.context.support.AbstractApplicationContext] [restartedMain] [558] [WARN ] Exception encountered during context initialization - cancelling refresh attempt: org.springframework.beans.factory.BeanCreationException: Error creating bean with name 'studentController': Injection of autowired dependencies failed; nested exception is java.lang.IllegalArgumentException: Could not resolve placeholder 'student.application.namw' in value "${student.application.namw}"
[2020-03-29T10:51:20.020Z] [org.apache.juli.logging.DirectJDKLog] [restartedMain] [173] [INFO ] Stopping service [Tomcat]
[2020-03-29T10:51:20.020Z] [org.springframework.boot.autoconfigure.logging.ConditionEvaluationReportLoggingListener] [restartedMain] [136] [INFO ] 

Error starting ApplicationContext. To display the conditions report re-run your application with 'debug' enabled.
[2020-03-29T10:51:20.020Z] [org.springframework.boot.SpringApplication] [restartedMain] [826] [ERROR] Application run failed
org.springframework.beans.factory.BeanCreationException: Error creating bean with name 'studentController': Injection of autowired dependencies failed; nested exception is java.lang.IllegalArgumentException: Could not resolve placeholder 'student.application.namw' in value "${student.application.namw}"
	at org.springframework.beans.factory.annotation.AutowiredAnnotationBeanPostProcessor.postProcessProperties(AutowiredAnnotationBeanPostProcessor.java:405)
	at org.springframework.beans.factory.support.AbstractAutowireCapableBeanFactory.populateBean(AbstractAutowireCapableBeanFactory.java:1422)
	at org.springframework.beans.factory.support.AbstractAutowireCapableBeanFactory.doCreateBean(AbstractAutowireCapableBeanFactory.java:594)
	at org.springframework.beans.factory.support.AbstractAutowireCapableBeanFactory.createBean(AbstractAutowireCapableBeanFactory.java:517)
	at org.springframework.beans.factory.support.AbstractBeanFactory.lambda$doGetBean$0(AbstractBeanFactory.java:323)
	at org.springframework.beans.factory.support.DefaultSingletonBeanRegistry.getSingleton(DefaultSingletonBeanRegistry.java:222)
	at org.springframework.beans.factory.support.AbstractBeanFactory.doGetBean(AbstractBeanFactory.java:321)
	at org.springframework.beans.factory.support.AbstractBeanFactory.getBean(AbstractBeanFactory.java:202)
	at org.springframework.beans.factory.support.DefaultListableBeanFactory.preInstantiateSingletons(DefaultListableBeanFactory.java:882)
	at org.springframework.context.support.AbstractApplicationContext.finishBeanFactoryInitialization(AbstractApplicationContext.java:878)
	at org.springframework.context.support.AbstractApplicationContext.refresh(AbstractApplicationContext.java:550)
	at org.springframework.boot.web.servlet.context.ServletWebServerApplicationContext.refresh(ServletWebServerApplicationContext.java:141)
	at org.springframework.boot.SpringApplication.refresh(SpringApplication.java:747)
	at org.springframework.boot.SpringApplication.refreshContext(SpringApplication.java:397)
	at org.springframework.boot.SpringApplication.run(SpringApplication.java:315)
	at org.springframework.boot.SpringApplication.run(SpringApplication.java:1226)
	at org.springframework.boot.SpringApplication.run(SpringApplication.java:1215)
	at com.tupple.institute.SpringBootExampleApplication.main(SpringBootExampleApplication.java:10)
	at sun.reflect.NativeMethodAccessorImpl.invoke0(Native Method)
	at sun.reflect.NativeMethodAccessorImpl.invoke(NativeMethodAccessorImpl.java:62)
	at sun.reflect.DelegatingMethodAccessorImpl.invoke(DelegatingMethodAccessorImpl.java:43)
	at java.lang.reflect.Method.invoke(Method.java:498)
	at org.springframework.boot.devtools.restart.RestartLauncher.run(RestartLauncher.java:49)
Caused by: java.lang.IllegalArgumentException: Could not resolve placeholder 'student.application.namw' in value "${student.application.namw}"
	at org.springframework.util.PropertyPlaceholderHelper.parseStringValue(PropertyPlaceholderHelper.java:178)
	at org.springframework.util.PropertyPlaceholderHelper.replacePlaceholders(PropertyPlaceholderHelper.java:124)
	at org.springframework.core.env.AbstractPropertyResolver.doResolvePlaceholders(AbstractPropertyResolver.java:236)
	at org.springframework.core.env.AbstractPropertyResolver.resolveRequiredPlaceholders(AbstractPropertyResolver.java:210)
	at org.springframework.context.support.PropertySourcesPlaceholderConfigurer.lambda$processProperties$0(PropertySourcesPlaceholderConfigurer.java:175)
	at org.springframework.beans.factory.support.AbstractBeanFactory.resolveEmbeddedValue(AbstractBeanFactory.java:909)
	at org.springframework.beans.factory.support.DefaultListableBeanFactory.doResolveDependency(DefaultListableBeanFactory.java:1231)
	at org.springframework.beans.factory.support.DefaultListableBeanFactory.resolveDependency(DefaultListableBeanFactory.java:1210)
	at org.springframework.beans.factory.annotation.AutowiredAnnotationBeanPostProcessor$AutowiredFieldElement.inject(AutowiredAnnotationBeanPostProcessor.java:640)
	at org.springframework.beans.factory.annotation.InjectionMetadata.inject(InjectionMetadata.java:130)
	at org.springframework.beans.factory.annotation.AutowiredAnnotationBeanPostProcessor.postProcessProperties(AutowiredAnnotationBeanPostProcessor.java:399)
	... 22 common frames omitted
[2020-03-29T11:14:17.017Z] [org.springframework.boot.StartupInfoLogger] [restartedMain] [55] [INFO ] Starting SpringBootExampleApplication on Sanji-rana.local with PID 88205 (/Users/Sanji/eclipse-workspace/SpringBootProject/SpringBootExample/target/classes started by Sanji in /Users/Sanji/eclipse-workspace/SpringBootProject/SpringBootExample)
[2020-03-29T11:14:17.017Z] [org.springframework.boot.SpringApplication] [restartedMain] [651] [INFO ] No active profile set, falling back to default profiles: default
[2020-03-29T11:14:18.018Z] [org.springframework.boot.logging.DeferredLog] [restartedMain] [225] [INFO ] Devtools property defaults active! Set 'spring.devtools.add-properties' to 'false' to disable
[2020-03-29T11:14:18.018Z] [org.springframework.boot.logging.DeferredLog] [restartedMain] [225] [INFO ] For additional web related logging consider setting the 'logging.level.web' property to 'DEBUG'
[2020-03-29T11:14:20.020Z] [org.springframework.boot.web.embedded.tomcat.TomcatWebServer] [restartedMain] [92] [INFO ] Tomcat initialized with port(s): 8081 (http)
[2020-03-29T11:14:20.020Z] [org.apache.juli.logging.DirectJDKLog] [restartedMain] [173] [INFO ] Starting service [Tomcat]
[2020-03-29T11:14:20.020Z] [org.apache.juli.logging.DirectJDKLog] [restartedMain] [173] [INFO ] Starting Servlet engine: [Apache Tomcat/9.0.33]
[2020-03-29T11:14:20.020Z] [org.apache.juli.logging.DirectJDKLog] [restartedMain] [173] [INFO ] Initializing Spring embedded WebApplicationContext
[2020-03-29T11:14:20.020Z] [org.springframework.boot.web.servlet.context.ServletWebServerApplicationContext] [restartedMain] [284] [INFO ] Root WebApplicationContext: initialization completed in 2194 ms
[2020-03-29T11:14:20.020Z] [org.springframework.context.support.AbstractApplicationContext] [restartedMain] [558] [WARN ] Exception encountered during context initialization - cancelling refresh attempt: org.springframework.beans.factory.BeanCreationException: Error creating bean with name 'studentController': Injection of autowired dependencies failed; nested exception is java.lang.IllegalArgumentException: Could not resolve placeholder 'student.application.namw' in value "${student.application.namw}"
[2020-03-29T11:14:20.020Z] [org.apache.juli.logging.DirectJDKLog] [restartedMain] [173] [INFO ] Stopping service [Tomcat]
[2020-03-29T11:14:20.020Z] [org.springframework.boot.autoconfigure.logging.ConditionEvaluationReportLoggingListener] [restartedMain] [136] [INFO ] 

Error starting ApplicationContext. To display the conditions report re-run your application with 'debug' enabled.
[2020-03-29T11:14:20.020Z] [org.springframework.boot.SpringApplication] [restartedMain] [826] [ERROR] Application run failed
org.springframework.beans.factory.BeanCreationException: Error creating bean with name 'studentController': Injection of autowired dependencies failed; nested exception is java.lang.IllegalArgumentException: Could not resolve placeholder 'student.application.namw' in value "${student.application.namw}"
	at org.springframework.beans.factory.annotation.AutowiredAnnotationBeanPostProcessor.postProcessProperties(AutowiredAnnotationBeanPostProcessor.java:405)
	at org.springframework.beans.factory.support.AbstractAutowireCapableBeanFactory.populateBean(AbstractAutowireCapableBeanFactory.java:1422)
	at org.springframework.beans.factory.support.AbstractAutowireCapableBeanFactory.doCreateBean(AbstractAutowireCapableBeanFactory.java:594)
	at org.springframework.beans.factory.support.AbstractAutowireCapableBeanFactory.createBean(AbstractAutowireCapableBeanFactory.java:517)
	at org.springframework.beans.factory.support.AbstractBeanFactory.lambda$doGetBean$0(AbstractBeanFactory.java:323)
	at org.springframework.beans.factory.support.DefaultSingletonBeanRegistry.getSingleton(DefaultSingletonBeanRegistry.java:222)
	at org.springframework.beans.factory.support.AbstractBeanFactory.doGetBean(AbstractBeanFactory.java:321)
	at org.springframework.beans.factory.support.AbstractBeanFactory.getBean(AbstractBeanFactory.java:202)
	at org.springframework.beans.factory.support.DefaultListableBeanFactory.preInstantiateSingletons(DefaultListableBeanFactory.java:882)
	at org.springframework.context.support.AbstractApplicationContext.finishBeanFactoryInitialization(AbstractApplicationContext.java:878)
	at org.springframework.context.support.AbstractApplicationContext.refresh(AbstractApplicationContext.java:550)
	at org.springframework.boot.web.servlet.context.ServletWebServerApplicationContext.refresh(ServletWebServerApplicationContext.java:141)
	at org.springframework.boot.SpringApplication.refresh(SpringApplication.java:747)
	at org.springframework.boot.SpringApplication.refreshContext(SpringApplication.java:397)
	at org.springframework.boot.SpringApplication.run(SpringApplication.java:315)
	at org.springframework.boot.SpringApplication.run(SpringApplication.java:1226)
	at org.springframework.boot.SpringApplication.run(SpringApplication.java:1215)
	at com.tupple.institute.SpringBootExampleApplication.main(SpringBootExampleApplication.java:10)
	at sun.reflect.NativeMethodAccessorImpl.invoke0(Native Method)
	at sun.reflect.NativeMethodAccessorImpl.invoke(NativeMethodAccessorImpl.java:62)
	at sun.reflect.DelegatingMethodAccessorImpl.invoke(DelegatingMethodAccessorImpl.java:43)
	at java.lang.reflect.Method.invoke(Method.java:498)
	at org.springframework.boot.devtools.restart.RestartLauncher.run(RestartLauncher.java:49)
Caused by: java.lang.IllegalArgumentException: Could not resolve placeholder 'student.application.namw' in value "${student.application.namw}"
	at org.springframework.util.PropertyPlaceholderHelper.parseStringValue(PropertyPlaceholderHelper.java:178)
	at org.springframework.util.PropertyPlaceholderHelper.replacePlaceholders(PropertyPlaceholderHelper.java:124)
	at org.springframework.core.env.AbstractPropertyResolver.doResolvePlaceholders(AbstractPropertyResolver.java:236)
	at org.springframework.core.env.AbstractPropertyResolver.resolveRequiredPlaceholders(AbstractPropertyResolver.java:210)
	at org.springframework.context.support.PropertySourcesPlaceholderConfigurer.lambda$processProperties$0(PropertySourcesPlaceholderConfigurer.java:175)
	at org.springframework.beans.factory.support.AbstractBeanFactory.resolveEmbeddedValue(AbstractBeanFactory.java:909)
	at org.springframework.beans.factory.support.DefaultListableBeanFactory.doResolveDependency(DefaultListableBeanFactory.java:1231)
	at org.springframework.beans.factory.support.DefaultListableBeanFactory.resolveDependency(DefaultListableBeanFactory.java:1210)
	at org.springframework.beans.factory.annotation.AutowiredAnnotationBeanPostProcessor$AutowiredFieldElement.inject(AutowiredAnnotationBeanPostProcessor.java:640)
	at org.springframework.beans.factory.annotation.InjectionMetadata.inject(InjectionMetadata.java:130)
	at org.springframework.beans.factory.annotation.AutowiredAnnotationBeanPostProcessor.postProcessProperties(AutowiredAnnotationBeanPostProcessor.java:399)
	... 22 common frames omitted
[2020-03-29T11:16:48.048Z] [org.springframework.boot.StartupInfoLogger] [restartedMain] [55] [INFO ] Starting SpringBootExampleApplication on Sanji-rana.local with PID 88366 (/Users/Sanji/eclipse-workspace/SpringBootProject/SpringBootExample/target/classes started by Sanji in /Users/Sanji/eclipse-workspace/SpringBootProject/SpringBootExample)
[2020-03-29T11:16:48.048Z] [org.springframework.boot.SpringApplication] [restartedMain] [651] [INFO ] No active profile set, falling back to default profiles: default
[2020-03-29T11:16:48.048Z] [org.springframework.boot.logging.DeferredLog] [restartedMain] [225] [INFO ] Devtools property defaults active! Set 'spring.devtools.add-properties' to 'false' to disable
[2020-03-29T11:16:48.048Z] [org.springframework.boot.logging.DeferredLog] [restartedMain] [225] [INFO ] For additional web related logging consider setting the 'logging.level.web' property to 'DEBUG'
[2020-03-29T11:16:49.049Z] [org.springframework.boot.web.embedded.tomcat.TomcatWebServer] [restartedMain] [92] [INFO ] Tomcat initialized with port(s): 8081 (http)
[2020-03-29T11:16:49.049Z] [org.apache.juli.logging.DirectJDKLog] [restartedMain] [173] [INFO ] Starting service [Tomcat]
[2020-03-29T11:16:49.049Z] [org.apache.juli.logging.DirectJDKLog] [restartedMain] [173] [INFO ] Starting Servlet engine: [Apache Tomcat/9.0.33]
[2020-03-29T11:16:49.049Z] [org.apache.juli.logging.DirectJDKLog] [restartedMain] [173] [INFO ] Initializing Spring embedded WebApplicationContext
[2020-03-29T11:16:49.049Z] [org.springframework.boot.web.servlet.context.ServletWebServerApplicationContext] [restartedMain] [284] [INFO ] Root WebApplicationContext: initialization completed in 1416 ms
[2020-03-29T11:16:49.049Z] [org.springframework.context.support.AbstractApplicationContext] [restartedMain] [558] [WARN ] Exception encountered during context initialization - cancelling refresh attempt: org.springframework.beans.factory.BeanCreationException: Error creating bean with name 'studentController': Injection of autowired dependencies failed; nested exception is java.lang.IllegalArgumentException: Could not resolve placeholder 'student.application.namw' in value "${student.application.namw}"
[2020-03-29T11:16:49.049Z] [org.apache.juli.logging.DirectJDKLog] [restartedMain] [173] [INFO ] Stopping service [Tomcat]
[2020-03-29T11:16:49.049Z] [org.springframework.boot.autoconfigure.logging.ConditionEvaluationReportLoggingListener] [restartedMain] [136] [INFO ] 

Error starting ApplicationContext. To display the conditions report re-run your application with 'debug' enabled.
[2020-03-29T11:16:49.049Z] [org.springframework.boot.SpringApplication] [restartedMain] [826] [ERROR] Application run failed
org.springframework.beans.factory.BeanCreationException: Error creating bean with name 'studentController': Injection of autowired dependencies failed; nested exception is java.lang.IllegalArgumentException: Could not resolve placeholder 'student.application.namw' in value "${student.application.namw}"
	at org.springframework.beans.factory.annotation.AutowiredAnnotationBeanPostProcessor.postProcessProperties(AutowiredAnnotationBeanPostProcessor.java:405)
	at org.springframework.beans.factory.support.AbstractAutowireCapableBeanFactory.populateBean(AbstractAutowireCapableBeanFactory.java:1422)
	at org.springframework.beans.factory.support.AbstractAutowireCapableBeanFactory.doCreateBean(AbstractAutowireCapableBeanFactory.java:594)
	at org.springframework.beans.factory.support.AbstractAutowireCapableBeanFactory.createBean(AbstractAutowireCapableBeanFactory.java:517)
	at org.springframework.beans.factory.support.AbstractBeanFactory.lambda$doGetBean$0(AbstractBeanFactory.java:323)
	at org.springframework.beans.factory.support.DefaultSingletonBeanRegistry.getSingleton(DefaultSingletonBeanRegistry.java:222)
	at org.springframework.beans.factory.support.AbstractBeanFactory.doGetBean(AbstractBeanFactory.java:321)
	at org.springframework.beans.factory.support.AbstractBeanFactory.getBean(AbstractBeanFactory.java:202)
	at org.springframework.beans.factory.support.DefaultListableBeanFactory.preInstantiateSingletons(DefaultListableBeanFactory.java:882)
	at org.springframework.context.support.AbstractApplicationContext.finishBeanFactoryInitialization(AbstractApplicationContext.java:878)
	at org.springframework.context.support.AbstractApplicationContext.refresh(AbstractApplicationContext.java:550)
	at org.springframework.boot.web.servlet.context.ServletWebServerApplicationContext.refresh(ServletWebServerApplicationContext.java:141)
	at org.springframework.boot.SpringApplication.refresh(SpringApplication.java:747)
	at org.springframework.boot.SpringApplication.refreshContext(SpringApplication.java:397)
	at org.springframework.boot.SpringApplication.run(SpringApplication.java:315)
	at org.springframework.boot.SpringApplication.run(SpringApplication.java:1226)
	at org.springframework.boot.SpringApplication.run(SpringApplication.java:1215)
	at com.tupple.institute.SpringBootExampleApplication.main(SpringBootExampleApplication.java:10)
	at sun.reflect.NativeMethodAccessorImpl.invoke0(Native Method)
	at sun.reflect.NativeMethodAccessorImpl.invoke(NativeMethodAccessorImpl.java:62)
	at sun.reflect.DelegatingMethodAccessorImpl.invoke(DelegatingMethodAccessorImpl.java:43)
	at java.lang.reflect.Method.invoke(Method.java:498)
	at org.springframework.boot.devtools.restart.RestartLauncher.run(RestartLauncher.java:49)
Caused by: java.lang.IllegalArgumentException: Could not resolve placeholder 'student.application.namw' in value "${student.application.namw}"
	at org.springframework.util.PropertyPlaceholderHelper.parseStringValue(PropertyPlaceholderHelper.java:178)
	at org.springframework.util.PropertyPlaceholderHelper.replacePlaceholders(PropertyPlaceholderHelper.java:124)
	at org.springframework.core.env.AbstractPropertyResolver.doResolvePlaceholders(AbstractPropertyResolver.java:236)
	at org.springframework.core.env.AbstractPropertyResolver.resolveRequiredPlaceholders(AbstractPropertyResolver.java:210)
	at org.springframework.context.support.PropertySourcesPlaceholderConfigurer.lambda$processProperties$0(PropertySourcesPlaceholderConfigurer.java:175)
	at org.springframework.beans.factory.support.AbstractBeanFactory.resolveEmbeddedValue(AbstractBeanFactory.java:909)
	at org.springframework.beans.factory.support.DefaultListableBeanFactory.doResolveDependency(DefaultListableBeanFactory.java:1231)
	at org.springframework.beans.factory.support.DefaultListableBeanFactory.resolveDependency(DefaultListableBeanFactory.java:1210)
	at org.springframework.beans.factory.annotation.AutowiredAnnotationBeanPostProcessor$AutowiredFieldElement.inject(AutowiredAnnotationBeanPostProcessor.java:640)
	at org.springframework.beans.factory.annotation.InjectionMetadata.inject(InjectionMetadata.java:130)
	at org.springframework.beans.factory.annotation.AutowiredAnnotationBeanPostProcessor.postProcessProperties(AutowiredAnnotationBeanPostProcessor.java:399)
	... 22 common frames omitted
[2020-03-29T11:24:47.047Z] [org.springframework.boot.StartupInfoLogger] [restartedMain] [55] [INFO ] Starting SpringBootExampleApplication on Sanji-rana.local with PID 88722 (/Users/Sanji/eclipse-workspace/SpringBootProject/SpringBootExample/target/classes started by Sanji in /Users/Sanji/eclipse-workspace/SpringBootProject/SpringBootExample)
[2020-03-29T11:24:47.047Z] [org.springframework.boot.SpringApplication] [restartedMain] [651] [INFO ] No active profile set, falling back to default profiles: default
[2020-03-29T11:24:47.047Z] [org.springframework.boot.logging.DeferredLog] [restartedMain] [225] [INFO ] Devtools property defaults active! Set 'spring.devtools.add-properties' to 'false' to disable
[2020-03-29T11:24:47.047Z] [org.springframework.boot.logging.DeferredLog] [restartedMain] [225] [INFO ] For additional web related logging consider setting the 'logging.level.web' property to 'DEBUG'
[2020-03-29T11:24:49.049Z] [org.springframework.boot.web.embedded.tomcat.TomcatWebServer] [restartedMain] [92] [INFO ] Tomcat initialized with port(s): 8081 (http)
[2020-03-29T11:24:49.049Z] [org.apache.juli.logging.DirectJDKLog] [restartedMain] [173] [INFO ] Starting service [Tomcat]
[2020-03-29T11:24:49.049Z] [org.apache.juli.logging.DirectJDKLog] [restartedMain] [173] [INFO ] Starting Servlet engine: [Apache Tomcat/9.0.33]
[2020-03-29T11:24:49.049Z] [org.apache.juli.logging.DirectJDKLog] [restartedMain] [173] [INFO ] Initializing Spring embedded WebApplicationContext
[2020-03-29T11:24:49.049Z] [org.springframework.boot.web.servlet.context.ServletWebServerApplicationContext] [restartedMain] [284] [INFO ] Root WebApplicationContext: initialization completed in 1751 ms
[2020-03-29T11:24:49.049Z] [org.springframework.context.support.AbstractApplicationContext] [restartedMain] [558] [WARN ] Exception encountered during context initialization - cancelling refresh attempt: org.springframework.beans.factory.UnsatisfiedDependencyException: Error creating bean with name 'studentController': Unsatisfied dependency expressed through field 'studentIdList'; nested exception is org.springframework.beans.factory.BeanExpressionException: Expression parsing failed; nested exception is org.springframework.expression.spel.SpelEvaluationException: EL1008E: Property or field 'student' cannot be found on object of type 'org.springframework.beans.factory.config.BeanExpressionContext' - maybe not public or not valid?
[2020-03-29T11:24:49.049Z] [org.apache.juli.logging.DirectJDKLog] [restartedMain] [173] [INFO ] Stopping service [Tomcat]
[2020-03-29T11:24:49.049Z] [org.springframework.boot.autoconfigure.logging.ConditionEvaluationReportLoggingListener] [restartedMain] [136] [INFO ] 

Error starting ApplicationContext. To display the conditions report re-run your application with 'debug' enabled.
[2020-03-29T11:24:49.049Z] [org.springframework.boot.SpringApplication] [restartedMain] [826] [ERROR] Application run failed
org.springframework.beans.factory.UnsatisfiedDependencyException: Error creating bean with name 'studentController': Unsatisfied dependency expressed through field 'studentIdList'; nested exception is org.springframework.beans.factory.BeanExpressionException: Expression parsing failed; nested exception is org.springframework.expression.spel.SpelEvaluationException: EL1008E: Property or field 'student' cannot be found on object of type 'org.springframework.beans.factory.config.BeanExpressionContext' - maybe not public or not valid?
	at org.springframework.beans.factory.annotation.AutowiredAnnotationBeanPostProcessor$AutowiredFieldElement.inject(AutowiredAnnotationBeanPostProcessor.java:643)
	at org.springframework.beans.factory.annotation.InjectionMetadata.inject(InjectionMetadata.java:130)
	at org.springframework.beans.factory.annotation.AutowiredAnnotationBeanPostProcessor.postProcessProperties(AutowiredAnnotationBeanPostProcessor.java:399)
	at org.springframework.beans.factory.support.AbstractAutowireCapableBeanFactory.populateBean(AbstractAutowireCapableBeanFactory.java:1422)
	at org.springframework.beans.factory.support.AbstractAutowireCapableBeanFactory.doCreateBean(AbstractAutowireCapableBeanFactory.java:594)
	at org.springframework.beans.factory.support.AbstractAutowireCapableBeanFactory.createBean(AbstractAutowireCapableBeanFactory.java:517)
	at org.springframework.beans.factory.support.AbstractBeanFactory.lambda$doGetBean$0(AbstractBeanFactory.java:323)
	at org.springframework.beans.factory.support.DefaultSingletonBeanRegistry.getSingleton(DefaultSingletonBeanRegistry.java:222)
	at org.springframework.beans.factory.support.AbstractBeanFactory.doGetBean(AbstractBeanFactory.java:321)
	at org.springframework.beans.factory.support.AbstractBeanFactory.getBean(AbstractBeanFactory.java:202)
	at org.springframework.beans.factory.support.DefaultListableBeanFactory.preInstantiateSingletons(DefaultListableBeanFactory.java:882)
	at org.springframework.context.support.AbstractApplicationContext.finishBeanFactoryInitialization(AbstractApplicationContext.java:878)
	at org.springframework.context.support.AbstractApplicationContext.refresh(AbstractApplicationContext.java:550)
	at org.springframework.boot.web.servlet.context.ServletWebServerApplicationContext.refresh(ServletWebServerApplicationContext.java:141)
	at org.springframework.boot.SpringApplication.refresh(SpringApplication.java:747)
	at org.springframework.boot.SpringApplication.refreshContext(SpringApplication.java:397)
	at org.springframework.boot.SpringApplication.run(SpringApplication.java:315)
	at org.springframework.boot.SpringApplication.run(SpringApplication.java:1226)
	at org.springframework.boot.SpringApplication.run(SpringApplication.java:1215)
	at com.tupple.institute.SpringBootExampleApplication.main(SpringBootExampleApplication.java:10)
	at sun.reflect.NativeMethodAccessorImpl.invoke0(Native Method)
	at sun.reflect.NativeMethodAccessorImpl.invoke(NativeMethodAccessorImpl.java:62)
	at sun.reflect.DelegatingMethodAccessorImpl.invoke(DelegatingMethodAccessorImpl.java:43)
	at java.lang.reflect.Method.invoke(Method.java:498)
	at org.springframework.boot.devtools.restart.RestartLauncher.run(RestartLauncher.java:49)
Caused by: org.springframework.beans.factory.BeanExpressionException: Expression parsing failed; nested exception is org.springframework.expression.spel.SpelEvaluationException: EL1008E: Property or field 'student' cannot be found on object of type 'org.springframework.beans.factory.config.BeanExpressionContext' - maybe not public or not valid?
	at org.springframework.context.expression.StandardBeanExpressionResolver.evaluate(StandardBeanExpressionResolver.java:164)
	at org.springframework.beans.factory.support.AbstractBeanFactory.evaluateBeanDefinitionString(AbstractBeanFactory.java:1566)
	at org.springframework.beans.factory.support.DefaultListableBeanFactory.doResolveDependency(DefaultListableBeanFactory.java:1234)
	at org.springframework.beans.factory.support.DefaultListableBeanFactory.resolveDependency(DefaultListableBeanFactory.java:1210)
	at org.springframework.beans.factory.annotation.AutowiredAnnotationBeanPostProcessor$AutowiredFieldElement.inject(AutowiredAnnotationBeanPostProcessor.java:640)
	... 24 common frames omitted
Caused by: org.springframework.expression.spel.SpelEvaluationException: EL1008E: Property or field 'student' cannot be found on object of type 'org.springframework.beans.factory.config.BeanExpressionContext' - maybe not public or not valid?
	at org.springframework.expression.spel.ast.PropertyOrFieldReference.readProperty(PropertyOrFieldReference.java:217)
	at org.springframework.expression.spel.ast.PropertyOrFieldReference.getValueInternal(PropertyOrFieldReference.java:104)
	at org.springframework.expression.spel.ast.PropertyOrFieldReference.getValueInternal(PropertyOrFieldReference.java:91)
	at org.springframework.expression.spel.ast.CompoundExpression.getValueRef(CompoundExpression.java:55)
	at org.springframework.expression.spel.ast.CompoundExpression.getValueInternal(CompoundExpression.java:91)
	at org.springframework.expression.spel.ast.SpelNodeImpl.getTypedValue(SpelNodeImpl.java:117)
	at org.springframework.expression.spel.standard.SpelExpression.getValue(SpelExpression.java:308)
	at org.springframework.expression.common.CompositeStringExpression.getValue(CompositeStringExpression.java:108)
	at org.springframework.expression.common.CompositeStringExpression.getValue(CompositeStringExpression.java:43)
	at org.springframework.context.expression.StandardBeanExpressionResolver.evaluate(StandardBeanExpressionResolver.java:161)
	... 28 common frames omitted
[2020-03-29T11:28:09.009Z] [org.springframework.boot.StartupInfoLogger] [restartedMain] [55] [INFO ] Starting SpringBootExampleApplication on Sanji-rana.local with PID 89015 (/Users/Sanji/eclipse-workspace/SpringBootProject/SpringBootExample/target/classes started by Sanji in /Users/Sanji/eclipse-workspace/SpringBootProject/SpringBootExample)
[2020-03-29T11:28:09.009Z] [org.springframework.boot.SpringApplication] [restartedMain] [651] [INFO ] No active profile set, falling back to default profiles: default
[2020-03-29T11:28:09.009Z] [org.springframework.boot.logging.DeferredLog] [restartedMain] [225] [INFO ] Devtools property defaults active! Set 'spring.devtools.add-properties' to 'false' to disable
[2020-03-29T11:28:09.009Z] [org.springframework.boot.logging.DeferredLog] [restartedMain] [225] [INFO ] For additional web related logging consider setting the 'logging.level.web' property to 'DEBUG'
[2020-03-29T11:28:11.011Z] [org.springframework.boot.web.embedded.tomcat.TomcatWebServer] [restartedMain] [92] [INFO ] Tomcat initialized with port(s): 8081 (http)
[2020-03-29T11:28:11.011Z] [org.apache.juli.logging.DirectJDKLog] [restartedMain] [173] [INFO ] Starting service [Tomcat]
[2020-03-29T11:28:11.011Z] [org.apache.juli.logging.DirectJDKLog] [restartedMain] [173] [INFO ] Starting Servlet engine: [Apache Tomcat/9.0.33]
[2020-03-29T11:28:11.011Z] [org.apache.juli.logging.DirectJDKLog] [restartedMain] [173] [INFO ] Initializing Spring embedded WebApplicationContext
[2020-03-29T11:28:11.011Z] [org.springframework.boot.web.servlet.context.ServletWebServerApplicationContext] [restartedMain] [284] [INFO ] Root WebApplicationContext: initialization completed in 1622 ms
[2020-03-29T11:28:11.011Z] [org.springframework.context.support.AbstractApplicationContext] [restartedMain] [558] [WARN ] Exception encountered during context initialization - cancelling refresh attempt: org.springframework.beans.factory.UnsatisfiedDependencyException: Error creating bean with name 'studentController': Unsatisfied dependency expressed through field 'studentIdList'; nested exception is org.springframework.beans.factory.BeanExpressionException: Expression parsing failed; nested exception is org.springframework.expression.spel.SpelEvaluationException: EL1008E: Property or field 'student' cannot be found on object of type 'org.springframework.beans.factory.config.BeanExpressionContext' - maybe not public or not valid?
[2020-03-29T11:28:11.011Z] [org.apache.juli.logging.DirectJDKLog] [restartedMain] [173] [INFO ] Stopping service [Tomcat]
[2020-03-29T11:28:11.011Z] [org.springframework.boot.autoconfigure.logging.ConditionEvaluationReportLoggingListener] [restartedMain] [136] [INFO ] 

Error starting ApplicationContext. To display the conditions report re-run your application with 'debug' enabled.
[2020-03-29T11:28:11.011Z] [org.springframework.boot.SpringApplication] [restartedMain] [826] [ERROR] Application run failed
org.springframework.beans.factory.UnsatisfiedDependencyException: Error creating bean with name 'studentController': Unsatisfied dependency expressed through field 'studentIdList'; nested exception is org.springframework.beans.factory.BeanExpressionException: Expression parsing failed; nested exception is org.springframework.expression.spel.SpelEvaluationException: EL1008E: Property or field 'student' cannot be found on object of type 'org.springframework.beans.factory.config.BeanExpressionContext' - maybe not public or not valid?
	at org.springframework.beans.factory.annotation.AutowiredAnnotationBeanPostProcessor$AutowiredFieldElement.inject(AutowiredAnnotationBeanPostProcessor.java:643)
	at org.springframework.beans.factory.annotation.InjectionMetadata.inject(InjectionMetadata.java:130)
	at org.springframework.beans.factory.annotation.AutowiredAnnotationBeanPostProcessor.postProcessProperties(AutowiredAnnotationBeanPostProcessor.java:399)
	at org.springframework.beans.factory.support.AbstractAutowireCapableBeanFactory.populateBean(AbstractAutowireCapableBeanFactory.java:1422)
	at org.springframework.beans.factory.support.AbstractAutowireCapableBeanFactory.doCreateBean(AbstractAutowireCapableBeanFactory.java:594)
	at org.springframework.beans.factory.support.AbstractAutowireCapableBeanFactory.createBean(AbstractAutowireCapableBeanFactory.java:517)
	at org.springframework.beans.factory.support.AbstractBeanFactory.lambda$doGetBean$0(AbstractBeanFactory.java:323)
	at org.springframework.beans.factory.support.DefaultSingletonBeanRegistry.getSingleton(DefaultSingletonBeanRegistry.java:222)
	at org.springframework.beans.factory.support.AbstractBeanFactory.doGetBean(AbstractBeanFactory.java:321)
	at org.springframework.beans.factory.support.AbstractBeanFactory.getBean(AbstractBeanFactory.java:202)
	at org.springframework.beans.factory.support.DefaultListableBeanFactory.preInstantiateSingletons(DefaultListableBeanFactory.java:882)
	at org.springframework.context.support.AbstractApplicationContext.finishBeanFactoryInitialization(AbstractApplicationContext.java:878)
	at org.springframework.context.support.AbstractApplicationContext.refresh(AbstractApplicationContext.java:550)
	at org.springframework.boot.web.servlet.context.ServletWebServerApplicationContext.refresh(ServletWebServerApplicationContext.java:141)
	at org.springframework.boot.SpringApplication.refresh(SpringApplication.java:747)
	at org.springframework.boot.SpringApplication.refreshContext(SpringApplication.java:397)
	at org.springframework.boot.SpringApplication.run(SpringApplication.java:315)
	at org.springframework.boot.SpringApplication.run(SpringApplication.java:1226)
	at org.springframework.boot.SpringApplication.run(SpringApplication.java:1215)
	at com.tupple.institute.SpringBootExampleApplication.main(SpringBootExampleApplication.java:10)
	at sun.reflect.NativeMethodAccessorImpl.invoke0(Native Method)
	at sun.reflect.NativeMethodAccessorImpl.invoke(NativeMethodAccessorImpl.java:62)
	at sun.reflect.DelegatingMethodAccessorImpl.invoke(DelegatingMethodAccessorImpl.java:43)
	at java.lang.reflect.Method.invoke(Method.java:498)
	at org.springframework.boot.devtools.restart.RestartLauncher.run(RestartLauncher.java:49)
Caused by: org.springframework.beans.factory.BeanExpressionException: Expression parsing failed; nested exception is org.springframework.expression.spel.SpelEvaluationException: EL1008E: Property or field 'student' cannot be found on object of type 'org.springframework.beans.factory.config.BeanExpressionContext' - maybe not public or not valid?
	at org.springframework.context.expression.StandardBeanExpressionResolver.evaluate(StandardBeanExpressionResolver.java:164)
	at org.springframework.beans.factory.support.AbstractBeanFactory.evaluateBeanDefinitionString(AbstractBeanFactory.java:1566)
	at org.springframework.beans.factory.support.DefaultListableBeanFactory.doResolveDependency(DefaultListableBeanFactory.java:1234)
	at org.springframework.beans.factory.support.DefaultListableBeanFactory.resolveDependency(DefaultListableBeanFactory.java:1210)
	at org.springframework.beans.factory.annotation.AutowiredAnnotationBeanPostProcessor$AutowiredFieldElement.inject(AutowiredAnnotationBeanPostProcessor.java:640)
	... 24 common frames omitted
Caused by: org.springframework.expression.spel.SpelEvaluationException: EL1008E: Property or field 'student' cannot be found on object of type 'org.springframework.beans.factory.config.BeanExpressionContext' - maybe not public or not valid?
	at org.springframework.expression.spel.ast.PropertyOrFieldReference.readProperty(PropertyOrFieldReference.java:217)
	at org.springframework.expression.spel.ast.PropertyOrFieldReference.getValueInternal(PropertyOrFieldReference.java:104)
	at org.springframework.expression.spel.ast.PropertyOrFieldReference.getValueInternal(PropertyOrFieldReference.java:91)
	at org.springframework.expression.spel.ast.CompoundExpression.getValueRef(CompoundExpression.java:55)
	at org.springframework.expression.spel.ast.CompoundExpression.getValueInternal(CompoundExpression.java:91)
	at org.springframework.expression.spel.ast.SpelNodeImpl.getTypedValue(SpelNodeImpl.java:117)
	at org.springframework.expression.spel.standard.SpelExpression.getValue(SpelExpression.java:308)
	at org.springframework.expression.common.CompositeStringExpression.getValue(CompositeStringExpression.java:108)
	at org.springframework.expression.common.CompositeStringExpression.getValue(CompositeStringExpression.java:43)
	at org.springframework.context.expression.StandardBeanExpressionResolver.evaluate(StandardBeanExpressionResolver.java:161)
	... 28 common frames omitted
[2020-03-29T11:30:53.053Z] [org.springframework.boot.StartupInfoLogger] [restartedMain] [55] [INFO ] Starting SpringBootExampleApplication on Sanji-rana.local with PID 89116 (/Users/Sanji/eclipse-workspace/SpringBootProject/SpringBootExample/target/classes started by Sanji in /Users/Sanji/eclipse-workspace/SpringBootProject/SpringBootExample)
[2020-03-29T11:30:53.053Z] [org.springframework.boot.SpringApplication] [restartedMain] [651] [INFO ] No active profile set, falling back to default profiles: default
[2020-03-29T11:30:53.053Z] [org.springframework.boot.logging.DeferredLog] [restartedMain] [225] [INFO ] Devtools property defaults active! Set 'spring.devtools.add-properties' to 'false' to disable
[2020-03-29T11:30:53.053Z] [org.springframework.boot.logging.DeferredLog] [restartedMain] [225] [INFO ] For additional web related logging consider setting the 'logging.level.web' property to 'DEBUG'
[2020-03-29T11:30:55.055Z] [org.springframework.boot.web.embedded.tomcat.TomcatWebServer] [restartedMain] [92] [INFO ] Tomcat initialized with port(s): 8081 (http)
[2020-03-29T11:30:55.055Z] [org.apache.juli.logging.DirectJDKLog] [restartedMain] [173] [INFO ] Starting service [Tomcat]
[2020-03-29T11:30:55.055Z] [org.apache.juli.logging.DirectJDKLog] [restartedMain] [173] [INFO ] Starting Servlet engine: [Apache Tomcat/9.0.33]
[2020-03-29T11:30:55.055Z] [org.apache.juli.logging.DirectJDKLog] [restartedMain] [173] [INFO ] Initializing Spring embedded WebApplicationContext
[2020-03-29T11:30:55.055Z] [org.springframework.boot.web.servlet.context.ServletWebServerApplicationContext] [restartedMain] [284] [INFO ] Root WebApplicationContext: initialization completed in 2142 ms
[2020-03-29T11:30:55.055Z] [org.springframework.context.support.AbstractApplicationContext] [restartedMain] [558] [WARN ] Exception encountered during context initialization - cancelling refresh attempt: org.springframework.beans.factory.UnsatisfiedDependencyException: Error creating bean with name 'serviceException' defined in file [/Users/Sanji/eclipse-workspace/SpringBootProject/SpringBootExample/target/classes/com/tupple/institute/exception/ServiceException.class]: Unsatisfied dependency expressed through constructor parameter 0; nested exception is org.springframework.beans.factory.NoSuchBeanDefinitionException: No qualifying bean of type 'java.lang.String' available: expected at least 1 bean which qualifies as autowire candidate. Dependency annotations: {}
[2020-03-29T11:30:55.055Z] [org.apache.juli.logging.DirectJDKLog] [restartedMain] [173] [INFO ] Stopping service [Tomcat]
[2020-03-29T11:30:55.055Z] [org.springframework.boot.autoconfigure.logging.ConditionEvaluationReportLoggingListener] [restartedMain] [136] [INFO ] 

Error starting ApplicationContext. To display the conditions report re-run your application with 'debug' enabled.
[2020-03-29T11:30:55.055Z] [org.springframework.boot.diagnostics.LoggingFailureAnalysisReporter] [restartedMain] [40] [ERROR] 

***************************
APPLICATION FAILED TO START
***************************

Description:

Parameter 0 of constructor in com.tupple.institute.exception.ServiceException required a bean of type 'java.lang.String' that could not be found.


Action:

Consider defining a bean of type 'java.lang.String' in your configuration.

[2020-03-29T11:33:25.025Z] [org.springframework.boot.StartupInfoLogger] [restartedMain] [55] [INFO ] Starting SpringBootExampleApplication on Sanji-rana.local with PID 89287 (/Users/Sanji/eclipse-workspace/SpringBootProject/SpringBootExample/target/classes started by Sanji in /Users/Sanji/eclipse-workspace/SpringBootProject/SpringBootExample)
[2020-03-29T11:33:25.025Z] [org.springframework.boot.SpringApplication] [restartedMain] [651] [INFO ] No active profile set, falling back to default profiles: default
[2020-03-29T11:33:25.025Z] [org.springframework.boot.logging.DeferredLog] [restartedMain] [225] [INFO ] Devtools property defaults active! Set 'spring.devtools.add-properties' to 'false' to disable
[2020-03-29T11:33:25.025Z] [org.springframework.boot.logging.DeferredLog] [restartedMain] [225] [INFO ] For additional web related logging consider setting the 'logging.level.web' property to 'DEBUG'
[2020-03-29T11:33:27.027Z] [org.springframework.boot.web.embedded.tomcat.TomcatWebServer] [restartedMain] [92] [INFO ] Tomcat initialized with port(s): 8081 (http)
[2020-03-29T11:33:27.027Z] [org.apache.juli.logging.DirectJDKLog] [restartedMain] [173] [INFO ] Starting service [Tomcat]
[2020-03-29T11:33:27.027Z] [org.apache.juli.logging.DirectJDKLog] [restartedMain] [173] [INFO ] Starting Servlet engine: [Apache Tomcat/9.0.33]
[2020-03-29T11:33:27.027Z] [org.apache.juli.logging.DirectJDKLog] [restartedMain] [173] [INFO ] Initializing Spring embedded WebApplicationContext
[2020-03-29T11:33:27.027Z] [org.springframework.boot.web.servlet.context.ServletWebServerApplicationContext] [restartedMain] [284] [INFO ] Root WebApplicationContext: initialization completed in 1944 ms
[2020-03-29T11:33:28.028Z] [org.springframework.scheduling.concurrent.ExecutorConfigurationSupport] [restartedMain] [181] [INFO ] Initializing ExecutorService 'applicationTaskExecutor'
[2020-03-29T11:33:28.028Z] [org.springframework.boot.devtools.autoconfigure.OptionalLiveReloadServer] [restartedMain] [61] [WARN ] Unable to start LiveReload server
[2020-03-29T11:33:28.028Z] [org.springframework.boot.web.embedded.tomcat.TomcatWebServer] [restartedMain] [204] [INFO ] Tomcat started on port(s): 8081 (http) with context path '/msapi'
[2020-03-29T11:33:28.028Z] [org.springframework.boot.StartupInfoLogger] [restartedMain] [61] [INFO ] Started SpringBootExampleApplication in 3.991 seconds (JVM running for 5.634)
[2020-03-29T11:33:44.044Z] [org.apache.juli.logging.DirectJDKLog] [http-nio-8081-exec-1] [173] [INFO ] Initializing Spring DispatcherServlet 'dispatcherServlet'
[2020-03-29T11:33:44.044Z] [org.springframework.web.servlet.FrameworkServlet] [http-nio-8081-exec-1] [525] [INFO ] Initializing Servlet 'dispatcherServlet'
[2020-03-29T11:33:44.044Z] [org.springframework.web.servlet.FrameworkServlet] [http-nio-8081-exec-1] [547] [INFO ] Completed initialization in 39 ms
